<?xml version="1.0" encoding="UTF-8"?>
<!-- Generated by org.testng.reporters.JUnitReportReporter -->
<testsuite hostname="EN1310044" name="intTests.IntegrationTest" tests="1" failures="0" timestamp="21 Nov 2018 09:51:39 GMT" time="4.737" errors="0">
  <testcase name="TestTitle1" time="4.737" classname="intTests.IntegrationTest"/>
</testsuite> <!-- intTests.IntegrationTest -->
