<?xml version="1.0" encoding="UTF-8"?>
<!-- Generated by org.testng.reporters.JUnitReportReporter -->
<testsuite hostname="EN1310044" name="intTests.IntegrationTest2" tests="1" failures="0" timestamp="23 Nov 2018 14:42:58 GMT" time="4.764" errors="0">
  <testcase name="TestTitle1" time="4.764" classname="intTests.IntegrationTest2"/>
</testsuite> <!-- intTests.IntegrationTest2 -->
