<?xml version="1.0" encoding="UTF-8"?>
<!-- Generated by org.testng.reporters.JUnitReportReporter -->
<testsuite hostname="EN1310044" name="unitTests.MockitoCheckNameTest" tests="1" failures="0" timestamp="23 Nov 2018 14:42:49 GMT" time="0.107" errors="0">
  <testcase name="checkDate" time="0.107" classname="unitTests.MockitoCheckNameTest"/>
</testsuite> <!-- unitTests.MockitoCheckNameTest -->
